\BOOKMARK [0][-]{chapter.1}{Inleiding}{}% 1
\BOOKMARK [1][-]{section.1.1}{Stand van zaken}{chapter.1}% 2
\BOOKMARK [1][-]{section.1.2}{Probleemstelling en Onderzoeksvragen}{chapter.1}% 3
\BOOKMARK [1][-]{section.1.3}{Opzet van deze bachelorproef}{chapter.1}% 4
\BOOKMARK [0][-]{chapter.2}{Methodologie}{}% 5
\BOOKMARK [1][-]{section.2.1}{Literatuuronderzoek}{chapter.2}% 6
\BOOKMARK [1][-]{section.2.2}{Vastleggen casus}{chapter.2}% 7
\BOOKMARK [1][-]{section.2.3}{Framework kiezen voor cross platform mobiele applicatie}{chapter.2}% 8
\BOOKMARK [1][-]{section.2.4}{Framework kiezen voor responsive webapplicatie}{chapter.2}% 9
\BOOKMARK [1][-]{section.2.5}{Opzetten REST api}{chapter.2}% 10
\BOOKMARK [1][-]{section.2.6}{De ontwikkeling van een cross platforme mobiele applicatie}{chapter.2}% 11
\BOOKMARK [1][-]{section.2.7}{Ontwikkelen responsive webapplicatie}{chapter.2}% 12
\BOOKMARK [1][-]{section.2.8}{Vergelijken van de tijd die nodig is om beide vormen van toepassingen te ontwikkelen}{chapter.2}% 13
\BOOKMARK [1][-]{section.2.9}{Meten van gegevensverbruik}{chapter.2}% 14
\BOOKMARK [1][-]{section.2.10}{Meten van gebruiksvriendelijkheid}{chapter.2}% 15
\BOOKMARK [1][-]{section.2.11}{Extra kosten bij de realisatie en publicatie}{chapter.2}% 16
\BOOKMARK [1][-]{section.2.12}{Besluitvorming}{chapter.2}% 17
\BOOKMARK [0][-]{chapter.3}{Framework cross platforme mobiele applicatie}{}% 18
\BOOKMARK [1][-]{section.3.1}{Twee grote categorie\353n}{chapter.3}% 19
\BOOKMARK [1][-]{section.3.2}{Architectuur van de cross platform mobiele applicatie}{chapter.3}% 20
\BOOKMARK [1][-]{section.3.3}{Voordelen van de gekozen architectuur}{chapter.3}% 21
\BOOKMARK [2][-]{subsection.3.3.1}{Ontwikkeling en project structuur}{section.3.3}% 22
\BOOKMARK [2][-]{subsection.3.3.2}{User Interface}{section.3.3}% 23
\BOOKMARK [1][-]{section.3.4}{Nadelen van de gekozen architectuur}{chapter.3}% 24
\BOOKMARK [1][-]{section.3.5}{Kosten}{chapter.3}% 25
\BOOKMARK [2][-]{subsection.3.5.1}{Kosten voor testen}{section.3.5}% 26
\BOOKMARK [2][-]{subsection.3.5.2}{Kosten voor publicatie}{section.3.5}% 27
\BOOKMARK [0][-]{chapter.4}{Ontwikkeling cross platforme mobiele applicatie}{}% 28
\BOOKMARK [1][-]{section.4.1}{Analyse van het project}{chapter.4}% 29
\BOOKMARK [1][-]{section.4.2}{Ontwikkeling van de ASP.NET MVC Web api}{chapter.4}% 30
\BOOKMARK [1][-]{section.4.3}{Ontwikkeling van de cross platforme mobiele applicatie}{chapter.4}% 31
\BOOKMARK [2][-]{subsection.4.3.1}{Android}{section.4.3}% 32
\BOOKMARK [2][-]{subsection.4.3.2}{iOS}{section.4.3}% 33
\BOOKMARK [2][-]{subsection.4.3.3}{windowsphone}{section.4.3}% 34
\BOOKMARK [0][-]{chapter.5}{Framework responsive website}{}% 35
\BOOKMARK [0][-]{chapter.6}{Conclusie}{}% 36
